0 info it worked if it ends with ok
1 verbose cli [ 'node', '/usr/local/bin/npm', 'install', '-g', 'jekyll' ]
2 info using npm@2.11.3
3 info using node@v0.12.7
4 verbose install initial load of /usr/local/lib/package.json
5 verbose readDependencies loading dependencies from /usr/local/lib/package.json
6 silly cache add args [ 'jekyll', null ]
7 verbose cache add spec jekyll
8 silly cache add parsed spec { raw: 'jekyll',
8 silly cache add   scope: null,
8 silly cache add   name: 'jekyll',
8 silly cache add   rawSpec: '',
8 silly cache add   spec: '*',
8 silly cache add   type: 'range' }
9 silly addNamed jekyll@*
10 verbose addNamed "*" is a valid semver range for jekyll
11 silly addNameRange { name: 'jekyll', range: '*', hasData: false }
12 silly mapToRegistry name jekyll
13 silly mapToRegistry using default registry
14 silly mapToRegistry registry https://registry.npmjs.org/
15 silly mapToRegistry uri https://registry.npmjs.org/jekyll
16 verbose addNameRange registry:https://registry.npmjs.org/jekyll not in flight; fetching
17 verbose request uri https://registry.npmjs.org/jekyll
18 verbose request no auth needed
19 info attempt registry request try #1 at 9:38:15 AM
20 verbose request id 9b1088a095b6ac55
21 http request GET https://registry.npmjs.org/jekyll
22 http 200 https://registry.npmjs.org/jekyll
23 silly get cb [ 200,
23 silly get   { server: 'CouchDB/1.5.0 (Erlang OTP/R16B03)',
23 silly get     etag: '"6B3FHP7MQ0I56ZRAR3XMO4LYW"',
23 silly get     'content-type': 'application/json',
23 silly get     'cache-control': 'max-age=300',
23 silly get     'content-length': '4484',
23 silly get     'accept-ranges': 'bytes',
23 silly get     date: 'Tue, 01 Mar 2016 09:38:15 GMT',
23 silly get     via: '1.1 varnish',
23 silly get     age: '0',
23 silly get     connection: 'keep-alive',
23 silly get     'x-served-by': 'cache-lhr6322-LHR',
23 silly get     'x-cache': 'MISS',
23 silly get     'x-cache-hits': '0',
23 silly get     'x-timer': 'S1456825095.385569,VS0,VE161',
23 silly get     vary: 'Accept' } ]
24 verbose get saving jekyll to /Users/jamie/.npm/registry.npmjs.org/jekyll/.cache.json
25 silly addNameRange number 2 { name: 'jekyll', range: '*', hasData: true }
26 silly addNameRange versions [ 'jekyll', [ '3.0.0-beta1' ] ]
27 verbose stack Error: No compatible version found: jekyll@'*'
27 verbose stack Valid install targets:
27 verbose stack ["3.0.0-beta1"]
27 verbose stack
27 verbose stack     at installTargetsError (/usr/local/lib/node_modules/npm/lib/cache/add-named.js:274:12)
27 verbose stack     at next (/usr/local/lib/node_modules/npm/lib/cache/add-named.js:253:17)
27 verbose stack     at setData (/usr/local/lib/node_modules/npm/lib/cache/add-named.js:230:5)
27 verbose stack     at RES (/usr/local/lib/node_modules/npm/node_modules/inflight/inflight.js:23:14)
27 verbose stack     at f (/usr/local/lib/node_modules/npm/node_modules/once/once.js:17:25)
27 verbose stack     at fixName (/usr/local/lib/node_modules/npm/lib/cache/add-named.js:29:5)
27 verbose stack     at saved (/usr/local/lib/node_modules/npm/lib/cache/caching-client.js:173:7)
27 verbose stack     at FSReqWrap.oncomplete (fs.js:95:15)
28 verbose cwd /Users/jamie/Projects/jamiehenson.github.io
29 error Darwin 15.4.0
30 error argv "node" "/usr/local/bin/npm" "install" "-g" "jekyll"
31 error node v0.12.7
32 error npm  v2.11.3
33 error code ETARGET
34 error notarget No compatible version found: jekyll@'*'
34 error notarget Valid install targets:
34 error notarget ["3.0.0-beta1"]
34 error notarget
34 error notarget This is most likely not a problem with npm itself.
34 error notarget In most cases you or one of your dependencies are requesting
34 error notarget a package version that doesn't exist.
35 verbose exit [ 1, true ]
